2024-09-03 14:59:56,975: connecting to SQL...
2024-09-03 14:59:56,984: creating table...
2024-09-03 14:59:56,985: CONNECTION WITH DATABASE SUCCESSFUL
2024-09-03 14:59:56,987: An error occurred: value must be a callable which accepts up to one mandatory parameter
2024-09-03 14:59:56,987: Cleaning up resources...
2024-09-03 15:00:06,988: Program terminated gracefully.
2024-09-03 15:07:08,532: connecting to SQL...
2024-09-03 15:07:08,542: creating table...
2024-09-03 15:07:08,544: CONNECTION WITH DATABASE SUCCESSFUL
2024-09-03 15:07:08,585: Waiting for OBD-II connection...
2024-09-03 15:07:08,586: connecting to obd scanner bluetooth...
2024-09-03 15:07:08,885: connecting...
2024-09-03 15:07:14,086: pairing
2024-09-03 15:07:14,179: trusting
2024-09-03 15:07:14,255: connecting with the obd class
2024-09-03 15:07:14,255: ======================= python-OBD (v0.7.2) =======================
2024-09-03 15:07:14,256: Explicit port defined
2024-09-03 15:07:14,257: Initializing ELM327: PORT=/dev/rfcomm0 BAUD=auto PROTOCOL=auto
2024-09-03 15:07:19,382: Connection error: device reports readiness to read but returned no data (device disconnected or multiple access on port?)
2024-09-03 15:07:19,591: Failed to connect to OBD-II adapter, retrying in 60 seconds...
2024-09-03 15:08:19,592: Waiting for OBD-II connection...
2024-09-03 15:08:19,593: connecting to obd scanner bluetooth...
2024-09-03 15:08:19,888: connecting...
2024-09-03 15:08:25,092: pairing
2024-09-03 15:08:25,182: trusting
2024-09-03 15:08:25,246: connecting with the obd class
2024-09-03 15:08:25,247: ======================= python-OBD (v0.7.2) =======================
2024-09-03 15:08:25,248: Explicit port defined
2024-09-03 15:08:25,248: Initializing ELM327: PORT=/dev/rfcomm0 BAUD=auto PROTOCOL=auto
2024-09-03 15:08:30,373: Connection error: device reports readiness to read but returned no data (device disconnected or multiple access on port?)
2024-09-03 15:08:30,597: Failed to connect to OBD-II adapter, retrying in 60 seconds...
2024-09-03 15:09:30,599: Waiting for OBD-II connection...
2024-09-03 15:09:30,599: connecting to obd scanner bluetooth...
2024-09-03 15:09:30,911: connecting...
2024-09-03 15:09:36,113: pairing
2024-09-03 15:09:36,207: trusting
2024-09-03 15:09:36,291: connecting with the obd class
2024-09-03 15:09:36,291: ======================= python-OBD (v0.7.2) =======================
2024-09-03 15:09:36,292: Explicit port defined
2024-09-03 15:09:36,292: Initializing ELM327: PORT=/dev/rfcomm0 BAUD=auto PROTOCOL=auto
2024-09-03 15:09:41,416: Connection error: device reports readiness to read but returned no data (device disconnected or multiple access on port?)
2024-09-03 15:09:41,604: Failed to connect to OBD-II adapter, retrying in 60 seconds...
2024-09-03 15:10:08,540: connecting to SQL...
2024-09-03 15:10:08,541: creating table...
2024-09-03 15:10:08,542: CONNECTION WITH DATABASE SUCCESSFUL
2024-09-03 15:10:08,554: Waiting for OBD-II connection...
2024-09-03 15:10:08,555: connecting to obd scanner bluetooth...
2024-09-03 15:10:08,811: connecting...
2024-09-03 15:10:14,013: pairing
2024-09-03 15:10:14,098: trusting
2024-09-03 15:10:14,173: connecting with the obd class
2024-09-03 15:10:14,174: ======================= python-OBD (v0.7.2) =======================
2024-09-03 15:10:14,174: Explicit port defined
2024-09-03 15:10:14,175: Initializing ELM327: PORT=/dev/rfcomm0 BAUD=auto PROTOCOL=auto
2024-09-03 15:10:19,299: Connection error: device reports readiness to read but returned no data (device disconnected or multiple access on port?)
2024-09-03 15:10:19,560: Failed to connect to OBD-II adapter, retrying in 60 seconds...
2024-09-03 15:11:19,562: Waiting for OBD-II connection...
2024-09-03 15:11:19,562: connecting to obd scanner bluetooth...
2024-09-03 15:11:19,858: connecting...
2024-09-03 15:11:25,062: pairing
2024-09-03 15:11:25,152: trusting
2024-09-03 15:11:25,227: connecting with the obd class
2024-09-03 15:11:25,227: ======================= python-OBD (v0.7.2) =======================
2024-09-03 15:11:25,228: Explicit port defined
2024-09-03 15:11:25,228: Initializing ELM327: PORT=/dev/rfcomm0 BAUD=auto PROTOCOL=auto
2024-09-03 15:11:30,353: Connection error: device reports readiness to read but returned no data (device disconnected or multiple access on port?)
2024-09-03 15:11:30,567: Failed to connect to OBD-II adapter, retrying in 60 seconds...
2024-09-03 15:12:30,568: Waiting for OBD-II connection...
2024-09-03 15:12:30,569: connecting to obd scanner bluetooth...
2024-09-03 15:12:30,871: connecting...
2024-09-03 15:12:36,073: pairing
2024-09-03 15:12:36,159: trusting
2024-09-03 15:12:36,225: connecting with the obd class
2024-09-03 15:12:36,226: ======================= python-OBD (v0.7.2) =======================
2024-09-03 15:12:36,226: Explicit port defined
2024-09-03 15:12:36,227: Initializing ELM327: PORT=/dev/rfcomm0 BAUD=auto PROTOCOL=auto
2024-09-03 15:12:41,351: Connection error: device reports readiness to read but returned no data (device disconnected or multiple access on port?)
2024-09-03 15:12:41,573: Failed to connect to OBD-II adapter, retrying in 60 seconds...
